The system is: Windows - 10.0.19043 - AMD64
Compiling the C compiler identification source file "CMakeCCompilerId.c" succeeded.
Compiler: C:/Program Files (x86)/Microsoft Visual Studio/2019/Community/VC/Tools/MSVC/14.29.30133/bin/Hostx64/x64/cl.exe 
Build flags: 
Id flags:  

The output was:
0
Microsoft (R) C/C++ Optimizing Compiler Version 19.29.30143 for x64
Copyright (C) Microsoft Corporation.  All rights reserved.

CMakeCCompilerId.c
Microsoft (R) Incremental Linker Version 14.29.30143.0
Copyright (C) Microsoft Corporation.  All rights reserved.

/out:CMakeCCompilerId.exe 
CMakeCCompilerId.obj 


Compilation of the C compiler identification source "CMakeCCompilerId.c" produced "CMakeCCompilerId.exe"

Compilation of the C compiler identification source "CMakeCCompilerId.c" produced "CMakeCCompilerId.obj"

The C compiler identification is MSVC, found in "E:/MASTER'S INFOTECH/STUDY/3rd Semester/GPU/Ecercise5/OpenCLExercise5_PrefixSum/OpenCLExercise5_PrefixSum/out/build/x64-Debug/CMakeFiles/3.20.21032501-MSVC_2/CompilerIdC/CMakeCCompilerId.exe"

Compiling the CXX compiler identification source file "CMakeCXXCompilerId.cpp" succeeded.
Compiler: C:/Program Files (x86)/Microsoft Visual Studio/2019/Community/VC/Tools/MSVC/14.29.30133/bin/Hostx64/x64/cl.exe 
Build flags: 
Id flags:  

The output was:
0
Microsoft (R) C/C++ Optimizing Compiler Version 19.29.30143 for x64
Copyright (C) Microsoft Corporation.  All rights reserved.

CMakeCXXCompilerId.cpp
Microsoft (R) Incremental Linker Version 14.29.30143.0
Copyright (C) Microsoft Corporation.  All rights reserved.

/out:CMakeCXXCompilerId.exe 
CMakeCXXCompilerId.obj 


Compilation of the CXX compiler identification source "CMakeCXXCompilerId.cpp" produced "CMakeCXXCompilerId.exe"

Compilation of the CXX compiler identification source "CMakeCXXCompilerId.cpp" produced "CMakeCXXCompilerId.obj"

The CXX compiler identification is MSVC, found in "E:/MASTER'S INFOTECH/STUDY/3rd Semester/GPU/Ecercise5/OpenCLExercise5_PrefixSum/OpenCLExercise5_PrefixSum/out/build/x64-Debug/CMakeFiles/3.20.21032501-MSVC_2/CompilerIdCXX/CMakeCXXCompilerId.exe"

Detecting C compiler ABI info compiled with the following output:
Change Dir: E:/MASTER'S INFOTECH/STUDY/3rd Semester/GPU/Ecercise5/OpenCLExercise5_PrefixSum/OpenCLExercise5_PrefixSum/out/build/x64-Debug/CMakeFiles/CMakeTmp

Run Build Command(s):C:/Program Files (x86)/Microsoft Visual Studio/2019/Community/Common7/IDE/CommonExtensions/Microsoft/CMake/Ninja/ninja.exe cmTC_a6c48 && [1/2] Building C object CMakeFiles\cmTC_a6c48.dir\CMakeCCompilerABI.c.obj
[2/2] Linking C executable cmTC_a6c48.exe



Detecting CXX compiler ABI info compiled with the following output:
Change Dir: E:/MASTER'S INFOTECH/STUDY/3rd Semester/GPU/Ecercise5/OpenCLExercise5_PrefixSum/OpenCLExercise5_PrefixSum/out/build/x64-Debug/CMakeFiles/CMakeTmp

Run Build Command(s):C:/Program Files (x86)/Microsoft Visual Studio/2019/Community/Common7/IDE/CommonExtensions/Microsoft/CMake/Ninja/ninja.exe cmTC_c86e8 && [1/2] Building CXX object CMakeFiles\cmTC_c86e8.dir\CMakeCXXCompilerABI.cpp.obj
[2/2] Linking CXX executable cmTC_c86e8.exe



Determining if the CL_VERSION_2_2 exist passed with the following output:
Change Dir: E:/MASTER'S INFOTECH/STUDY/3rd Semester/GPU/Ecercise5/OpenCLExercise5_PrefixSum/OpenCLExercise5_PrefixSum/out/build/x64-Debug/CMakeFiles/CMakeTmp

Run Build Command(s):C:/Program Files (x86)/Microsoft Visual Studio/2019/Community/Common7/IDE/CommonExtensions/Microsoft/CMake/Ninja/ninja.exe cmTC_9c142 && [1/2] Building C object CMakeFiles\cmTC_9c142.dir\CheckSymbolExists.c.obj
[2/2] Linking C executable cmTC_9c142.exe


File E:/MASTER'S INFOTECH/STUDY/3rd Semester/GPU/Ecercise5/OpenCLExercise5_PrefixSum/OpenCLExercise5_PrefixSum/out/build/x64-Debug/CMakeFiles/CMakeTmp/CheckSymbolExists.c:
/* */
#include <C:/Program Files/NVIDIA GPU Computing Toolkit/CUDA/v11.6/include/CL/cl.h>

int main(int argc, char** argv)
{
  (void)argv;
#ifndef CL_VERSION_2_2
  return ((int*)(&CL_VERSION_2_2))[argc];
#else
  (void)argc;
  return 0;
#endif
}
